<?xml version="1.0" encoding="UTF-8"?>
<testsuite xmlns:xsi="http://www.w3.org/2001/XMLSchema-instance" xsi:noNamespaceSchemaLocation="https://maven.apache.org/surefire/maven-surefire-plugin/xsd/surefire-test-report.xsd" version="3.0.2" name="com.vso.DaddyJohn.DaddyJohnApplicationTests" time="49.367" tests="1" errors="0" skipped="0" failures="0">
  <properties>
[...]
</properties>
  <testcase name="contextLoads" classname="com.vso.DaddyJohn.DaddyJohnApplicationTests" time="7.162">
    <system-out><![CDATA[12:26:51.352 [main] INFO org.springframework.test.context.support.AnnotationConfigContextLoaderUtils -- Could not detect default configuration classes for test class [com.vso.DaddyJohn.DaddyJohnApplicationTests]: DaddyJohnApplicationTests does not declare any static, non-private, non-final, nested classes annotated with @Configuration.
12:26:51.733 [main] INFO org.springframework.boot.test.context.SpringBootTestContextBootstrapper -- Found @SpringBootConfiguration com.vso.DaddyJohn.DaddyJohnApplication for test class com.vso.DaddyJohn.DaddyJohnApplicationTests
12:26:54.443 [main] INFO org.springframework.boot.devtools.restart.RestartApplicationListener -- Restart disabled due to context in which it is running

  .   ____          _            __ _ _
 /\\ / ___'_ __ _ _(_)_ __  __ _ \ \ \ \
( ( )\___ | '_ | '_| | '_ \/ _` | \ \ \ \
 \\/  ___)| |_)| | | | | || (_| |  ) ) ) )
  '  |____| .__|_| |_|_| |_\__, | / / / /
 =========|_|==============|___/=/_/_/_/

 :: Spring Boot ::                (v3.5.4)

2025-08-31T12:26:55.782+05:30  INFO 20700 --- [           main] c.v.DaddyJohn.DaddyJohnApplicationTests  : Starting DaddyJohnApplicationTests using Java 17.0.12 with PID 20700 (started by DELL in D:\VSO Labs\Daddy-John-Backend)
2025-08-31T12:26:55.788+05:30  INFO 20700 --- [           main] c.v.DaddyJohn.DaddyJohnApplicationTests  : No active profile set, falling back to 1 default profile: "default"
2025-08-31T12:27:11.766+05:30  INFO 20700 --- [           main] .s.d.r.c.RepositoryConfigurationDelegate : Bootstrapping Spring Data MongoDB repositories in DEFAULT mode.
2025-08-31T12:27:14.189+05:30  INFO 20700 --- [           main] .s.d.r.c.RepositoryConfigurationDelegate : Finished Spring Data repository scanning in 1958 ms. Found 7 MongoDB repository interfaces.
2025-08-31T12:27:19.733+05:30  INFO 20700 --- [lm7.mongodb.net] org.mongodb.driver.cluster               : Adding discovered server ac-bdso7ib-shard-00-00.o5mrlm7.mongodb.net:27017 to client view of cluster
2025-08-31T12:27:19.980+05:30  INFO 20700 --- [lm7.mongodb.net] org.mongodb.driver.cluster               : Adding discovered server ac-bdso7ib-shard-00-01.o5mrlm7.mongodb.net:27017 to client view of cluster
2025-08-31T12:27:19.988+05:30  INFO 20700 --- [lm7.mongodb.net] org.mongodb.driver.cluster               : Adding discovered server ac-bdso7ib-shard-00-02.o5mrlm7.mongodb.net:27017 to client view of cluster
2025-08-31T12:27:19.988+05:30  INFO 20700 --- [           main] org.mongodb.driver.client                : MongoClient with metadata {"application": {"name": "Cluster0"}, "driver": {"name": "mongo-java-driver|sync|spring-boot", "version": "5.5.1"}, "os": {"type": "Windows", "name": "Windows 11", "architecture": "amd64", "version": "10.0"}, "platform": "Java/Oracle Corporation/17.0.12+8-LTS-286"} created with settings MongoClientSettings{readPreference=primary, writeConcern=WriteConcern{w=majority, wTimeout=null ms, journal=null}, retryWrites=true, retryReads=true, readConcern=ReadConcern{level=null}, credential=MongoCredential{mechanism=null, userName='vsolabswork', source='admin', password=<hidden>, mechanismProperties=<hidden>}, transportSettings=null, commandListeners=[], codecRegistry=ProvidersCodecRegistry{codecProviders=[ValueCodecProvider{}, BsonValueCodecProvider{}, DBRefCodecProvider{}, DBObjectCodecProvider{}, DocumentCodecProvider{}, CollectionCodecProvider{}, IterableCodecProvider{}, MapCodecProvider{}, GeoJsonCodecProvider{}, GridFSFileCodecProvider{}, Jsr310CodecProvider{}, JsonObjectCodecProvider{}, BsonCodecProvider{}, EnumCodecProvider{}, com.mongodb.client.model.mql.ExpressionCodecProvider@14c99bf6, com.mongodb.Jep395RecordCodecProvider@266e9dda, com.mongodb.KotlinCodecProvider@38883a31]}, loggerSettings=LoggerSettings{maxDocumentLength=1000}, clusterSettings={hosts=[127.0.0.1:27017], srvHost=cluster0.o5mrlm7.mongodb.net, srvServiceName=mongodb, mode=MULTIPLE, requiredClusterType=REPLICA_SET, requiredReplicaSetName='atlas-fj6k41-shard-0', serverSelector='null', clusterListeners='[]', serverSelectionTimeout='30000 ms', localThreshold='15 ms'}, socketSettings=SocketSettings{connectTimeoutMS=10000, readTimeoutMS=0, receiveBufferSize=0, proxySettings=ProxySettings{host=null, port=null, username=null, password=null}}, heartbeatSocketSettings=SocketSettings{connectTimeoutMS=10000, readTimeoutMS=10000, receiveBufferSize=0, proxySettings=ProxySettings{host=null, port=null, username=null, password=null}}, connectionPoolSettings=ConnectionPoolSettings{maxSize=100, minSize=0, maxWaitTimeMS=120000, maxConnectionLifeTimeMS=0, maxConnectionIdleTimeMS=0, maintenanceInitialDelayMS=0, maintenanceFrequencyMS=60000, connectionPoolListeners=[], maxConnecting=2}, serverSettings=ServerSettings{heartbeatFrequencyMS=10000, minHeartbeatFrequencyMS=500, serverMonitoringMode=AUTO, serverListeners='[]', serverMonitorListeners='[]'}, sslSettings=SslSettings{enabled=true, invalidHostNameAllowed=false, context=null}, applicationName='Cluster0', compressorList=[], uuidRepresentation=JAVA_LEGACY, serverApi=null, autoEncryptionSettings=null, dnsClient=null, inetAddressResolver=null, contextProvider=null, timeoutMS=null}
2025-08-31T12:27:23.043+05:30  INFO 20700 --- [           main] org.mongodb.driver.cluster               : Waiting for server to become available for operation with ID 5. Remaining time: 29882 ms. Selector: WritableServerSelector, topology description: {type=REPLICA_SET, servers=[{address=ac-bdso7ib-shard-00-01.o5mrlm7.mongodb.net:27017, type=UNKNOWN, state=CONNECTING}, {address=ac-bdso7ib-shard-00-02.o5mrlm7.mongodb.net:27017, type=UNKNOWN, state=CONNECTING}, {address=ac-bdso7ib-shard-00-00.o5mrlm7.mongodb.net:27017, type=UNKNOWN, state=CONNECTING}].
2025-08-31T12:27:23.954+05:30  INFO 20700 --- [ngodb.net:27017] org.mongodb.driver.cluster               : Monitor thread successfully connected to server with description ServerDescription{address=ac-bdso7ib-shard-00-02.o5mrlm7.mongodb.net:27017, type=REPLICA_SET_PRIMARY, cryptd=false, state=CONNECTED, ok=true, minWireVersion=0, maxWireVersion=25, maxDocumentSize=16777216, logicalSessionTimeoutMinutes=30, roundTripTimeNanos=632225600, minRoundTripTimeNanos=0, setName='atlas-fj6k41-shard-0', canonicalAddress=ac-bdso7ib-shard-00-02.o5mrlm7.mongodb.net:27017, hosts=[ac-bdso7ib-shard-00-01.o5mrlm7.mongodb.net:27017, ac-bdso7ib-shard-00-02.o5mrlm7.mongodb.net:27017, ac-bdso7ib-shard-00-00.o5mrlm7.mongodb.net:27017], passives=[], arbiters=[], primary='ac-bdso7ib-shard-00-02.o5mrlm7.mongodb.net:27017', tagSet=TagSet{[Tag{name='availabilityZone', value='aps1-az2'}, Tag{name='diskState', value='READY'}, Tag{name='nodeType', value='ELECTABLE'}, Tag{name='provider', value='AWS'}, Tag{name='region', value='AP_SOUTH_1'}, Tag{name='workloadType', value='OPERATIONAL'}]}, electionId=7fffffff0000000000000008, setVersion=1, topologyVersion=TopologyVersion{processId=68af2a664fbd0c76f6b3cfde, counter=6}, lastWriteDate=Sun Aug 31 12:27:18 IST 2025, lastUpdateTimeNanos=764060279007000}
2025-08-31T12:27:23.954+05:30  INFO 20700 --- [ngodb.net:27017] org.mongodb.driver.cluster               : Monitor thread successfully connected to server with description ServerDescription{address=ac-bdso7ib-shard-00-01.o5mrlm7.mongodb.net:27017, type=REPLICA_SET_SECONDARY, cryptd=false, state=CONNECTED, ok=true, minWireVersion=0, maxWireVersion=25, maxDocumentSize=16777216, logicalSessionTimeoutMinutes=30, roundTripTimeNanos=632266700, minRoundTripTimeNanos=0, setName='atlas-fj6k41-shard-0', canonicalAddress=ac-bdso7ib-shard-00-01.o5mrlm7.mongodb.net:27017, hosts=[ac-bdso7ib-shard-00-01.o5mrlm7.mongodb.net:27017, ac-bdso7ib-shard-00-02.o5mrlm7.mongodb.net:27017, ac-bdso7ib-shard-00-00.o5mrlm7.mongodb.net:27017], passives=[], arbiters=[], primary='ac-bdso7ib-shard-00-02.o5mrlm7.mongodb.net:27017', tagSet=TagSet{[Tag{name='availabilityZone', value='aps1-az3'}, Tag{name='diskState', value='READY'}, Tag{name='nodeType', value='ELECTABLE'}, Tag{name='provider', value='AWS'}, Tag{name='region', value='AP_SOUTH_1'}, Tag{name='workloadType', value='OPERATIONAL'}]}, electionId=null, setVersion=1, topologyVersion=TopologyVersion{processId=68af2a9d6c322de2b9c89178, counter=3}, lastWriteDate=Sun Aug 31 12:27:18 IST 2025, lastUpdateTimeNanos=764060279038900}
2025-08-31T12:27:23.954+05:30  INFO 20700 --- [ngodb.net:27017] org.mongodb.driver.cluster               : Monitor thread successfully connected to server with description ServerDescription{address=ac-bdso7ib-shard-00-00.o5mrlm7.mongodb.net:27017, type=REPLICA_SET_SECONDARY, cryptd=false, state=CONNECTED, ok=true, minWireVersion=0, maxWireVersion=25, maxDocumentSize=16777216, logicalSessionTimeoutMinutes=30, roundTripTimeNanos=633015400, minRoundTripTimeNanos=0, setName='atlas-fj6k41-shard-0', canonicalAddress=ac-bdso7ib-shard-00-00.o5mrlm7.mongodb.net:27017, hosts=[ac-bdso7ib-shard-00-01.o5mrlm7.mongodb.net:27017, ac-bdso7ib-shard-00-02.o5mrlm7.mongodb.net:27017, ac-bdso7ib-shard-00-00.o5mrlm7.mongodb.net:27017], passives=[], arbiters=[], primary='ac-bdso7ib-shard-00-02.o5mrlm7.mongodb.net:27017', tagSet=TagSet{[Tag{name='availabilityZone', value='aps1-az1'}, Tag{name='diskState', value='READY'}, Tag{name='nodeType', value='ELECTABLE'}, Tag{name='provider', value='AWS'}, Tag{name='region', value='AP_SOUTH_1'}, Tag{name='workloadType', value='OPERATIONAL'}]}, electionId=null, setVersion=1, topologyVersion=TopologyVersion{processId=68af2a318a766d213cea07e5, counter=4}, lastWriteDate=Sun Aug 31 12:27:18 IST 2025, lastUpdateTimeNanos=764060279786500}
2025-08-31T12:27:23.967+05:30  INFO 20700 --- [ngodb.net:27017] org.mongodb.driver.cluster               : Discovered replica set primary ac-bdso7ib-shard-00-02.o5mrlm7.mongodb.net:27017 with max election id 7fffffff0000000000000008 and max set version 1
2025-08-31T12:27:25.591+05:30  INFO 20700 --- [           main] r$InitializeUserDetailsManagerConfigurer : Global AuthenticationManager configured with UserDetailsService bean with name userDetailService
2025-08-31T12:27:32.712+05:30  INFO 20700 --- [           main] c.v.DaddyJohn.DaddyJohnApplicationTests  : Started DaddyJohnApplicationTests in 38.32 seconds (process running for 43.669)
]]></system-out>
  </testcase>
</testsuite>